<?xml version="1.0" encoding="UTF-8" ?>
<testsuite errors="0" failures="0" hostname="Pramods-MacBook-Pro.local" name="tests.ParameterisationTest" skipped="0" tests="1" time="19.271" timestamp="2016-10-21T04:07:22">
  <properties>
    <property name="java.vendor" value="Oracle Corporation" />
    <property name="env.APP_ICON_3479" value="../Resources/Eclipse.icns" />
    <property name="sun.java.launcher" value="SUN_STANDARD" />
    <property name="env.XPC_SERVICE_NAME" value="com.apple.xpc.launchd.oneshot.0x1000000e.eclipse-inst" />
    <property name="sun.management.compiler" value="HotSpot 64-Bit Tiered Compilers" />
    <property name="os.name" value="Mac OS X" />
    <property name="sun.boot.class.path" value="/Library/Java/JavaVirtualMachines/jdk1.8.0_51.jdk/Contents/Home/jre/lib/resources.jar:/Library/Java/JavaVirtualMachines/jdk1.8.0_51.jdk/Contents/Home/jre/lib/rt.jar:/Library/Java/JavaVirtualMachines/jdk1.8.0_51.jdk/Contents/Home/jre/lib/sunrsasign.jar:/Library/Java/JavaVirtualMachines/jdk1.8.0_51.jdk/Contents/Home/jre/lib/jsse.jar:/Library/Java/JavaVirtualMachines/jdk1.8.0_51.jdk/Contents/Home/jre/lib/jce.jar:/Library/Java/JavaVirtualMachines/jdk1.8.0_51.jdk/Contents/Home/jre/lib/charsets.jar:/Library/Java/JavaVirtualMachines/jdk1.8.0_51.jdk/Contents/Home/jre/lib/jfr.jar:/Library/Java/JavaVirtualMachines/jdk1.8.0_51.jdk/Contents/Home/jre/classes" />
    <property name="env.TMPDIR" value="/var/folders/1h/qk10gtpj6lzdt561j2qj4_zw0000gn/T/" />
    <property name="user.country.format" value="AU" />
    <property name="java.vm.specification.vendor" value="Oracle Corporation" />
    <property name="ant.home" value="/Users/pramodmoudgalya/.p2/pool/plugins/org.apache.ant_1.9.6.v201510161327" />
    <property name="java.runtime.version" value="1.8.0_51-b16" />
    <property name="env.Apple_PubSub_Socket_Render" value="/private/tmp/com.apple.launchd.dHDKq6gEoO/Render" />
    <property name="user.name" value="pramodmoudgalya" />
    <property name="env.USER" value="pramodmoudgalya" />
    <property name="env.SHELL" value="/bin/bash" />
    <property name="env.__CF_USER_TEXT_ENCODING" value="0x1F5:0x0:0x0" />
    <property name="env.PATH" value="/usr/bin:/bin:/usr/sbin:/sbin" />
    <property name="user.language" value="en" />
    <property name="ant.file.type.HotelApp_TestAutomation" value="file" />
    <property name="sun.boot.library.path" value="/Library/Java/JavaVirtualMachines/jdk1.8.0_51.jdk/Contents/Home/jre/lib" />
    <property name="ant.project.default-target" value="build" />
    <property name="env.XPC_FLAGS" value="0x0" />
    <property name="ant.project.name" value="HotelApp_TestAutomation" />
    <property name="java.version" value="1.8.0_51" />
    <property name="user.timezone" value="Australia/Sydney" />
    <property name="env.JAVA_MAIN_CLASS_5294" value="org.eclipse.ant.internal.launching.remote.InternalAntRunner" />
    <property name="sun.arch.data.model" value="64" />
    <property name="http.nonProxyHosts" value="local|*.local|169.254/16|*.169.254/16" />
    <property name="java.endorsed.dirs" value="/Library/Java/JavaVirtualMachines/jdk1.8.0_51.jdk/Contents/Home/jre/lib/endorsed" />
    <property name="sun.cpu.isalist" value="" />
    <property name="sun.jnu.encoding" value="UTF-8" />
    <property name="file.encoding.pkg" value="sun.io" />
    <property name="file.separator" value="/" />
    <property name="java.specification.name" value="Java Platform API Specification" />
    <property name="java.class.version" value="52.0" />
    <property name="user.country" value="US" />
    <property name="java.home" value="/Library/Java/JavaVirtualMachines/jdk1.8.0_51.jdk/Contents/Home/jre" />
    <property name="java.vm.info" value="mixed mode" />
    <property name="env.LOGNAME" value="pramodmoudgalya" />
    <property name="ant.file" value="/Users/pramodmoudgalya/Projects/Ramya/HotelApp_TestAutomation/build.xml" />
    <property name="os.version" value="10.11.6" />
    <property name="path.separator" value=":" />
    <property name="java.vm.version" value="25.51-b03" />
    <property name="ant.library.dir" value="/Users/pramodmoudgalya/.p2/pool/plugins/org.apache.ant_1.9.6.v201510161327/lib" />
    <property name="junit.output.dir" value="junit" />
    <property name="java.awt.printerjob" value="sun.lwawt.macosx.CPrinterJob" />
    <property name="sun.io.unicode.encoding" value="UnicodeBig" />
    <property name="env.JAVA_STARTED_ON_FIRST_THREAD_5294" value="1" />
    <property name="awt.toolkit" value="sun.lwawt.macosx.LWCToolkit" />
    <property name="socksNonProxyHosts" value="local|*.local|169.254/16|*.169.254/16" />
    <property name="ftp.nonProxyHosts" value="local|*.local|169.254/16|*.169.254/16" />
    <property name="user.home" value="/Users/pramodmoudgalya" />
    <property name="target" value="1.8" />
    <property name="java.specification.vendor" value="Oracle Corporation" />
    <property name="java.library.path" value="/Users/pramodmoudgalya/Library/Java/Extensions:/Library/Java/Extensions:/Network/Library/Java/Extensions:/System/Library/Java/Extensions:/usr/lib/java:." />
    <property name="java.vendor.url" value="http://java.oracle.com/" />
    <property name="java.vm.vendor" value="Oracle Corporation" />
    <property name="gopherProxySet" value="false" />
    <property name="java.runtime.name" value="Java(TM) SE Runtime Environment" />
    <property name="sun.java.command" value="org.apache.tools.ant.taskdefs.optional.junit.JUnitTestRunner tests.ParameterisationTest skipNonTests=false filtertrace=true haltOnError=false haltOnFailure=false formatter=org.apache.tools.ant.taskdefs.optional.junit.OutErrSummaryJUnitResultFormatter showoutput=false outputtoformatters=true logfailedtests=true threadid=0 logtestlistenerevents=false formatter=org.apache.tools.ant.taskdefs.optional.junit.XMLJUnitResultFormatter,/Users/pramodmoudgalya/Projects/Ramya/HotelApp_TestAutomation/junit/TEST-tests.ParameterisationTest.xml crashfile=/Users/pramodmoudgalya/Projects/Ramya/HotelApp_TestAutomation/junitvmwatcher8859947509223515094.properties propsfile=/Users/pramodmoudgalya/Projects/Ramya/HotelApp_TestAutomation/junit1150477448005341070.properties" />
    <property name="java.class.path" value="/Users/pramodmoudgalya/Projects/Ramya/HotelApp_TestAutomation/bin:/Users/pramodmoudgalya/Projects/Ramya/HotelApp_TestAutomation/Lib/selenium-server-standalone-2.53.1.jar:/Users/pramodmoudgalya/Projects/Ramya/HotelApp_TestAutomation/Lib/jxl.jar:/Users/pramodmoudgalya/.p2/pool/plugins/org.apache.ant_1.9.6.v201510161327/lib/ant-launcher.jar:/Users/pramodmoudgalya/.p2/pool/plugins/org.apache.ant_1.9.6.v201510161327/lib/ant.jar:/Users/pramodmoudgalya/.p2/pool/plugins/org.apache.ant_1.9.6.v201510161327/lib/ant-junit.jar:/Users/pramodmoudgalya/.p2/pool/plugins/org.apache.ant_1.9.6.v201510161327/lib/ant-junit4.jar" />
    <property name="ant.version" value="Apache Ant(TM) version 1.9.6 compiled on June 29 2015" />
    <property name="java.vm.specification.name" value="Java Virtual Machine Specification" />
    <property name="env.JAVA_STARTED_ON_FIRST_THREAD_3479" value="1" />
    <property name="java.vm.specification.version" value="1.8" />
    <property name="sun.cpu.endian" value="little" />
    <property name="sun.os.patch.level" value="unknown" />
    <property name="debuglevel" value="source,lines,vars" />
    <property name="env.HOME" value="/Users/pramodmoudgalya" />
    <property name="env.ANT_HOME" value="/Users/pramodmoudgalya/.p2/pool/plugins/org.apache.ant_1.9.6.v201510161327" />
    <property name="java.io.tmpdir" value="/var/folders/1h/qk10gtpj6lzdt561j2qj4_zw0000gn/T/" />
    <property name="java.vendor.url.bug" value="http://bugreport.sun.com/bugreport/" />
    <property name="env.SSH_AUTH_SOCK" value="/private/tmp/com.apple.launchd.oOwduXVp0m/Listeners" />
    <property name="ant.file.HotelApp_TestAutomation" value="/Users/pramodmoudgalya/Projects/Ramya/HotelApp_TestAutomation/build.xml" />
    <property name="env.COMMAND_MODE" value="unix2003" />
    <property name="java.awt.graphicsenv" value="sun.awt.CGraphicsEnvironment" />
    <property name="os.arch" value="x86_64" />
    <property name="java.ext.dirs" value="/Users/pramodmoudgalya/Library/Java/Extensions:/Library/Java/JavaVirtualMachines/jdk1.8.0_51.jdk/Contents/Home/jre/lib/ext:/Library/Java/Extensions:/Network/Library/Java/Extensions:/System/Library/Java/Extensions:/usr/lib/java" />
    <property name="user.dir" value="/Users/pramodmoudgalya/Projects/Ramya/HotelApp_TestAutomation" />
    <property name="line.separator" value="&#xa;" />
    <property name="java.vm.name" value="Java HotSpot(TM) 64-Bit Server VM" />
    <property name="basedir" value="/Users/pramodmoudgalya/Projects/Ramya/HotelApp_TestAutomation" />
    <property name="ant.java.version" value="1.8" />
    <property name="ant.core.lib" value="/Users/pramodmoudgalya/.p2/pool/plugins/org.apache.ant_1.9.6.v201510161327/lib/ant.jar" />
    <property name="source" value="1.8" />
    <property name="file.encoding" value="UTF-8" />
    <property name="java.specification.version" value="1.8" />
    <property name="ant.project.invoked-targets" value="build,MySecondWebDriverTest,VerificationIfCondition,SharedUIMapTest,FunctionCallingTest,ParameterisationTest,junitreport" />
  </properties>
  <testcase classname="tests.ParameterisationTest" name="testSelWebDriverLogin" time="19.189" />
  <system-out><![CDATA[]]></system-out>
  <system-err><![CDATA[Warning:  Property storage name for 5 is empty - setting to Root Entry
Warning:  Property storage name for 5 is empty - setting to Root Entry
Warning:  Property storage name for 5 is empty - setting to Root Entry
Warning:  Property storage name for 5 is empty - setting to Root Entry
Warning:  Property storage name for 5 is empty - setting to Root Entry
Warning:  Property storage name for 5 is empty - setting to Root Entry
Warning:  Property storage name for 5 is empty - setting to Root Entry
Warning:  Property storage name for 5 is empty - setting to Root Entry
Warning:  Property storage name for 5 is empty - setting to Root Entry
]]></system-err>
</testsuite>
